  main.cpp
C:\Program Files\source\repos\MiniProject\function.h(64,20): warning C4244: '인수': 'double'에서 '_Ty'(으)로 변환하면서 데이터가 손실될 수 있습니다.
          with
          [
              _Ty=float
          ]
C:\Program Files\source\repos\MiniProject\main.cpp(330,20): warning C4018: '<': signed 또는 unsigned가 일치하지 않습니다.
C:\Program Files\source\repos\MiniProject\main.cpp(344,28): warning C4018: '<=': signed 또는 unsigned가 일치하지 않습니다.
C:\Program Files\source\repos\MiniProject\main.cpp(350,28): warning C4018: '<=': signed 또는 unsigned가 일치하지 않습니다.
C:\Program Files\source\repos\MiniProject\main.cpp(739,37): warning C4244: '=': 'int'에서 'GLfloat'(으)로 변환하면서 데이터가 손실될 수 있습니다.
C:\Program Files\source\repos\MiniProject\main.cpp(740,37): warning C4244: '=': 'int'에서 'GLfloat'(으)로 변환하면서 데이터가 손실될 수 있습니다.
C:\Program Files\source\repos\MiniProject\main.cpp(741,38): warning C4244: '=': 'int'에서 'GLfloat'(으)로 변환하면서 데이터가 손실될 수 있습니다.
C:\Program Files\source\repos\MiniProject\main.cpp(748,28): warning C4244: '인수': 'int'에서 'GLfloat'(으)로 변환하면서 데이터가 손실될 수 있습니다.
C:\Program Files\source\repos\MiniProject\main.cpp(754,28): warning C4244: '인수': 'int'에서 'GLfloat'(으)로 변환하면서 데이터가 손실될 수 있습니다.
C:\Program Files\source\repos\MiniProject\main.cpp(779,43): warning C4244: '초기화 중': 'int'에서 'GLfloat'(으)로 변환하면서 데이터가 손실될 수 있습니다.
C:\Program Files\source\repos\MiniProject\main.cpp(792,43): warning C4244: '초기화 중': 'int'에서 'GLfloat'(으)로 변환하면서 데이터가 손실될 수 있습니다.
C:\Program Files\source\repos\MiniProject\main.cpp(820,39): warning C4244: '=': 'int'에서 'GLfloat'(으)로 변환하면서 데이터가 손실될 수 있습니다.
C:\Program Files\source\repos\MiniProject\main.cpp(821,39): warning C4244: '=': 'int'에서 'GLfloat'(으)로 변환하면서 데이터가 손실될 수 있습니다.
C:\Program Files\source\repos\MiniProject\main.cpp(822,40): warning C4244: '=': 'int'에서 'GLfloat'(으)로 변환하면서 데이터가 손실될 수 있습니다.
  코드를 생성하고 있습니다.
  5 of 938 functions ( 0.5%) were compiled, the rest were copied from previous compilation.
    0 functions were new in current compilation
    8 functions had inline decision re-evaluated but remain unchanged
  코드를 생성했습니다.
  openGL1.vcxproj -> C:\Program Files\source\repos\MiniProject\Release\MiniProject.exe
